# JRE version: OpenJDK Runtime Environment (7.0_45-b31) (build 1.7.0_45-b31)
# Java VM: OpenJDK 64-Bit Server VM (24.45-b08 mixed mode linux-amd64 compressed oops)
Heap
 PSYoungGen      total 399360K, used 9824K [0x00000007c1900000, 0x00000007daa00000, 0x0000000800000000)
  eden space 388096K, 0% used [0x00000007c1900000,0x00000007c1900000,0x00000007d9400000)
  from space 11264K, 87% used [0x00000007d9400000,0x00000007d9d98000,0x00000007d9f00000)
  to   space 10752K, 0% used [0x00000007d9f80000,0x00000007d9f80000,0x00000007daa00000)
 ParOldGen       total 127488K, used 10142K [0x0000000744c00000, 0x000000074c880000, 0x00000007c1900000)
  object space 127488K, 7% used [0x0000000744c00000,0x00000007455e7800,0x000000074c880000)
 PSPermGen       total 25088K, used 24951K [0x000000073a600000, 0x000000073be80000, 0x0000000744c00000)
  object space 25088K, 99% used [0x000000073a600000,0x000000073be5dd90,0x000000073be80000)
GC Heap History (10 events):
Event: 2.396 GC heap after
Heap after GC invocations=4 (full 0):
 PSYoungGen      total 104960K, used 7664K [0x00000007c1900000, 0x00000007c8700000, 0x0000000800000000)
  eden space 97280K, 0% used [0x00000007c1900000,0x00000007c1900000,0x00000007c7800000)
  from space 7680K, 99% used [0x00000007c7f80000,0x00000007c86fc010,0x00000007c8700000)
  to   space 7680K, 0% used [0x00000007c7800000,0x00000007c7800000,0x00000007c7f80000)
 ParOldGen       total 127488K, used 1721K [0x0000000744c00000, 0x000000074c880000, 0x00000007c1900000)
  object space 127488K, 1% used [0x0000000744c00000,0x0000000744dae748,0x000000074c880000)
 PSPermGen       total 21504K, used 20721K [0x000000073a600000, 0x000000073bb00000, 0x0000000744c00000)
  object space 21504K, 96% used [0x000000073a600000,0x000000073ba3c480,0x000000073bb00000)
}
Event: 2.568 GC heap before
{Heap before GC invocations=5 (full 0):
 PSYoungGen      total 104960K, used 104944K [0x00000007c1900000, 0x00000007c8700000, 0x0000000800000000)
  eden space 97280K, 100% used [0x00000007c1900000,0x00000007c7800000,0x00000007c7800000)
  from space 7680K, 99% used [0x00000007c7f80000,0x00000007c86fc010,0x00000007c8700000)
  to   space 7680K, 0% used [0x00000007c7800000,0x00000007c7800000,0x00000007c7f80000)
 ParOldGen       total 127488K, used 1721K [0x0000000744c00000, 0x000000074c880000, 0x00000007c1900000)
  object space 127488K, 1% used [0x0000000744c00000,0x0000000744dae748,0x000000074c880000)
 PSPermGen       total 21504K, used 20721K [0x000000073a600000, 0x000000073bb00000, 0x0000000744c00000)
  object space 21504K, 96% used [0x000000073a600000,0x000000073ba3c480,0x000000073bb00000)
Event: 2.580 GC heap after
Heap after GC invocations=5 (full 0):
 PSYoungGen      total 104960K, used 7648K [0x00000007c1900000, 0x00000007cec00000, 0x0000000800000000)
  eden space 97280K, 0% used [0x00000007c1900000,0x00000007c1900000,0x00000007c7800000)
  from space 7680K, 99% used [0x00000007c7800000,0x00000007c7f78020,0x00000007c7f80000)
  to   space 10752K, 0% used [0x00000007ce180000,0x00000007ce180000,0x00000007cec00000)
 ParOldGen       total 127488K, used 3217K [0x0000000744c00000, 0x000000074c880000, 0x00000007c1900000)
  object space 127488K, 2% used [0x0000000744c00000,0x0000000744f24748,0x000000074c880000)
 PSPermGen       total 21504K, used 20721K [0x000000073a600000, 0x000000073bb00000, 0x0000000744c00000)
  object space 21504K, 96% used [0x000000073a600000,0x000000073ba3c480,0x000000073bb00000)
}
Event: 2.774 GC heap before
{Heap before GC invocations=6 (full 0):
 PSYoungGen      total 104960K, used 104928K [0x00000007c1900000, 0x00000007cec00000, 0x0000000800000000)
  eden space 97280K, 100% used [0x00000007c1900000,0x00000007c7800000,0x00000007c7800000)
  from space 7680K, 99% used [0x00000007c7800000,0x00000007c7f78020,0x00000007c7f80000)
  to   space 10752K, 0% used [0x00000007ce180000,0x00000007ce180000,0x00000007cec00000)
 ParOldGen       total 127488K, used 3217K [0x0000000744c00000, 0x000000074c880000, 0x00000007c1900000)
  object space 127488K, 2% used [0x0000000744c00000,0x0000000744f24748,0x000000074c880000)
 PSPermGen       total 21504K, used 20840K [0x000000073a600000, 0x000000073bb00000, 0x0000000744c00000)
  object space 21504K, 96% used [0x000000073a600000,0x000000073ba5a068,0x000000073bb00000)
Event: 2.791 GC heap after
Heap after GC invocations=6 (full 0):
 PSYoungGen      total 204800K, used 9008K [0x00000007c1900000, 0x00000007ced00000, 0x0000000800000000)
  eden space 194048K, 0% used [0x00000007c1900000,0x00000007c1900000,0x00000007cd680000)
  from space 10752K, 83% used [0x00000007ce180000,0x00000007cea4c030,0x00000007cec00000)
  to   space 11264K, 0% used [0x00000007cd680000,0x00000007cd680000,0x00000007ce180000)
 ParOldGen       total 127488K, used 3217K [0x0000000744c00000, 0x000000074c880000, 0x00000007c1900000)
  object space 127488K, 2% used [0x0000000744c00000,0x0000000744f24748,0x000000074c880000)
 PSPermGen       total 21504K, used 20840K [0x000000073a600000, 0x000000073bb00000, 0x0000000744c00000)
  object space 21504K, 96% used [0x000000073a600000,0x000000073ba5a068,0x000000073bb00000)
}
Event: 2.997 GC heap before
{Heap before GC invocations=7 (full 0):
 PSYoungGen      total 204800K, used 203056K [0x00000007c1900000, 0x00000007ced00000, 0x0000000800000000)
  eden space 194048K, 100% used [0x00000007c1900000,0x00000007cd680000,0x00000007cd680000)
  from space 10752K, 83% used [0x00000007ce180000,0x00000007cea4c030,0x00000007cec00000)
  to   space 11264K, 0% used [0x00000007cd680000,0x00000007cd680000,0x00000007ce180000)
 ParOldGen       total 127488K, used 3217K [0x0000000744c00000, 0x000000074c880000, 0x00000007c1900000)
  object space 127488K, 2% used [0x0000000744c00000,0x0000000744f24748,0x000000074c880000)
 PSPermGen       total 23552K, used 23329K [0x000000073a600000, 0x000000073bd00000, 0x0000000744c00000)
  object space 23552K, 99% used [0x000000073a600000,0x000000073bcc8760,0x000000073bd00000)
Event: 3.006 GC heap after
Heap after GC invocations=7 (full 0):
 PSYoungGen      total 205312K, used 4288K [0x00000007c1900000, 0x00000007dab00000, 0x0000000800000000)
  eden space 194048K, 0% used [0x00000007c1900000,0x00000007c1900000,0x00000007cd680000)
  from space 11264K, 38% used [0x00000007cd680000,0x00000007cdab0000,0x00000007ce180000)
  to   space 11776K, 0% used [0x00000007d9f80000,0x00000007d9f80000,0x00000007dab00000)
 ParOldGen       total 127488K, used 9110K [0x0000000744c00000, 0x000000074c880000, 0x00000007c1900000)
  object space 127488K, 7% used [0x0000000744c00000,0x00000007454e5800,0x000000074c880000)
 PSPermGen       total 23552K, used 23329K [0x000000073a600000, 0x000000073bd00000, 0x0000000744c00000)
  object space 23552K, 99% used [0x000000073a600000,0x000000073bcc8760,0x000000073bd00000)
}
Event: 3.118 GC heap before
{Heap before GC invocations=8 (full 0):
 PSYoungGen      total 205312K, used 198336K [0x00000007c1900000, 0x00000007dab00000, 0x0000000800000000)
  eden space 194048K, 100% used [0x00000007c1900000,0x00000007cd680000,0x00000007cd680000)
  from space 11264K, 38% used [0x00000007cd680000,0x00000007cdab0000,0x00000007ce180000)
  to   space 11776K, 0% used [0x00000007d9f80000,0x00000007d9f80000,0x00000007dab00000)
 ParOldGen       total 127488K, used 9110K [0x0000000744c00000, 0x000000074c880000, 0x00000007c1900000)
  object space 127488K, 7% used [0x0000000744c00000,0x00000007454e5800,0x000000074c880000)
 PSPermGen       total 24576K, used 24499K [0x000000073a600000, 0x000000073be00000, 0x0000000744c00000)
  object space 24576K, 99% used [0x000000073a600000,0x000000073bdecee8,0x000000073be00000)
Event: 3.125 GC heap after
Heap after GC invocations=8 (full 0):
 PSYoungGen      total 398848K, used 6112K [0x00000007c1900000, 0x00000007daa00000, 0x0000000800000000)
  eden space 388096K, 0% used [0x00000007c1900000,0x00000007c1900000,0x00000007d9400000)
  from space 10752K, 56% used [0x00000007d9f80000,0x00000007da578000,0x00000007daa00000)
  to   space 11264K, 0% used [0x00000007d9400000,0x00000007d9400000,0x00000007d9f00000)
 ParOldGen       total 127488K, used 9918K [0x0000000744c00000, 0x000000074c880000, 0x00000007c1900000)
  object space 127488K, 7% used [0x0000000744c00000,0x00000007455af800,0x000000074c880000)
 PSPermGen       total 24576K, used 24499K [0x000000073a600000, 0x000000073be00000, 0x0000000744c00000)
  object space 24576K, 99% used [0x000000073a600000,0x000000073bdecee8,0x000000073be00000)
}
Event: 4.128 GC heap before
{Heap before GC invocations=9 (full 0):
 PSYoungGen      total 398848K, used 394208K [0x00000007c1900000, 0x00000007daa00000, 0x0000000800000000)
  eden space 388096K, 100% used [0x00000007c1900000,0x00000007d9400000,0x00000007d9400000)
  from space 10752K, 56% used [0x00000007d9f80000,0x00000007da578000,0x00000007daa00000)
  to   space 11264K, 0% used [0x00000007d9400000,0x00000007d9400000,0x00000007d9f00000)
 ParOldGen       total 127488K, used 9918K [0x0000000744c00000, 0x000000074c880000, 0x00000007c1900000)
  object space 127488K, 7% used [0x0000000744c00000,0x00000007455af800,0x000000074c880000)
 PSPermGen       total 25088K, used 24951K [0x000000073a600000, 0x000000073be80000, 0x0000000744c00000)
  object space 25088K, 99% used [0x000000073a600000,0x000000073be5dd90,0x000000073be80000)

