# JRE version: OpenJDK Runtime Environment (7.0_45-b31) (build 1.7.0_45-b31)
# Java VM: OpenJDK 64-Bit Server VM (24.45-b08 mixed mode linux-amd64 compressed oops)
Heap
 PSYoungGen      total 399360K, used 9760K [0x00000007c1900000, 0x00000007daa00000, 0x0000000800000000)
  eden space 388096K, 0% used [0x00000007c1900000,0x00000007c1900000,0x00000007d9400000)
  from space 11264K, 86% used [0x00000007d9400000,0x00000007d9d88000,0x00000007d9f00000)
  to   space 10752K, 0% used [0x00000007d9f80000,0x00000007d9f80000,0x00000007daa00000)
 ParOldGen       total 127488K, used 10328K [0x0000000744c00000, 0x000000074c880000, 0x00000007c1900000)
  object space 127488K, 8% used [0x0000000744c00000,0x0000000745616180,0x000000074c880000)
 PSPermGen       total 25088K, used 24761K [0x000000073a600000, 0x000000073be80000, 0x0000000744c00000)
  object space 25088K, 98% used [0x000000073a600000,0x000000073be2e560,0x000000073be80000)
GC Heap History (10 events):
Event: 2.276 GC heap after
Heap after GC invocations=4 (full 0):
 PSYoungGen      total 104960K, used 7664K [0x00000007c1900000, 0x00000007c8700000, 0x0000000800000000)
  eden space 97280K, 0% used [0x00000007c1900000,0x00000007c1900000,0x00000007c7800000)
  from space 7680K, 99% used [0x00000007c7f80000,0x00000007c86fc010,0x00000007c8700000)
  to   space 7680K, 0% used [0x00000007c7800000,0x00000007c7800000,0x00000007c7f80000)
 ParOldGen       total 127488K, used 1692K [0x0000000744c00000, 0x000000074c880000, 0x00000007c1900000)
  object space 127488K, 1% used [0x0000000744c00000,0x0000000744da72a0,0x000000074c880000)
 PSPermGen       total 21504K, used 20728K [0x000000073a600000, 0x000000073bb00000, 0x0000000744c00000)
  object space 21504K, 96% used [0x000000073a600000,0x000000073ba3e1c8,0x000000073bb00000)
}
Event: 2.445 GC heap before
{Heap before GC invocations=5 (full 0):
 PSYoungGen      total 104960K, used 104944K [0x00000007c1900000, 0x00000007c8700000, 0x0000000800000000)
  eden space 97280K, 100% used [0x00000007c1900000,0x00000007c7800000,0x00000007c7800000)
  from space 7680K, 99% used [0x00000007c7f80000,0x00000007c86fc010,0x00000007c8700000)
  to   space 7680K, 0% used [0x00000007c7800000,0x00000007c7800000,0x00000007c7f80000)
 ParOldGen       total 127488K, used 1692K [0x0000000744c00000, 0x000000074c880000, 0x00000007c1900000)
  object space 127488K, 1% used [0x0000000744c00000,0x0000000744da72a0,0x000000074c880000)
 PSPermGen       total 21504K, used 20728K [0x000000073a600000, 0x000000073bb00000, 0x0000000744c00000)
  object space 21504K, 96% used [0x000000073a600000,0x000000073ba3e1c8,0x000000073bb00000)
Event: 2.454 GC heap after
Heap after GC invocations=5 (full 0):
 PSYoungGen      total 104960K, used 7648K [0x00000007c1900000, 0x00000007cec00000, 0x0000000800000000)
  eden space 97280K, 0% used [0x00000007c1900000,0x00000007c1900000,0x00000007c7800000)
  from space 7680K, 99% used [0x00000007c7800000,0x00000007c7f78020,0x00000007c7f80000)
  to   space 10752K, 0% used [0x00000007ce180000,0x00000007ce180000,0x00000007cec00000)
 ParOldGen       total 127488K, used 3148K [0x0000000744c00000, 0x000000074c880000, 0x00000007c1900000)
  object space 127488K, 2% used [0x0000000744c00000,0x0000000744f132a0,0x000000074c880000)
 PSPermGen       total 21504K, used 20728K [0x000000073a600000, 0x000000073bb00000, 0x0000000744c00000)
  object space 21504K, 96% used [0x000000073a600000,0x000000073ba3e1c8,0x000000073bb00000)
}
Event: 2.626 GC heap before
{Heap before GC invocations=6 (full 0):
 PSYoungGen      total 104960K, used 104928K [0x00000007c1900000, 0x00000007cec00000, 0x0000000800000000)
  eden space 97280K, 100% used [0x00000007c1900000,0x00000007c7800000,0x00000007c7800000)
  from space 7680K, 99% used [0x00000007c7800000,0x00000007c7f78020,0x00000007c7f80000)
  to   space 10752K, 0% used [0x00000007ce180000,0x00000007ce180000,0x00000007cec00000)
 ParOldGen       total 127488K, used 3148K [0x0000000744c00000, 0x000000074c880000, 0x00000007c1900000)
  object space 127488K, 2% used [0x0000000744c00000,0x0000000744f132a0,0x000000074c880000)
 PSPermGen       total 21504K, used 20848K [0x000000073a600000, 0x000000073bb00000, 0x0000000744c00000)
  object space 21504K, 96% used [0x000000073a600000,0x000000073ba5c000,0x000000073bb00000)
Event: 2.636 GC heap after
Heap after GC invocations=6 (full 0):
 PSYoungGen      total 204800K, used 8992K [0x00000007c1900000, 0x00000007ced00000, 0x0000000800000000)
  eden space 194048K, 0% used [0x00000007c1900000,0x00000007c1900000,0x00000007cd680000)
  from space 10752K, 83% used [0x00000007ce180000,0x00000007cea48020,0x00000007cec00000)
  to   space 11264K, 0% used [0x00000007cd680000,0x00000007cd680000,0x00000007ce180000)
 ParOldGen       total 127488K, used 3148K [0x0000000744c00000, 0x000000074c880000, 0x00000007c1900000)
  object space 127488K, 2% used [0x0000000744c00000,0x0000000744f132a0,0x000000074c880000)
 PSPermGen       total 21504K, used 20848K [0x000000073a600000, 0x000000073bb00000, 0x0000000744c00000)
  object space 21504K, 96% used [0x000000073a600000,0x000000073ba5c000,0x000000073bb00000)
}
Event: 2.816 GC heap before
{Heap before GC invocations=7 (full 0):
 PSYoungGen      total 204800K, used 203040K [0x00000007c1900000, 0x00000007ced00000, 0x0000000800000000)
  eden space 194048K, 100% used [0x00000007c1900000,0x00000007cd680000,0x00000007cd680000)
  from space 10752K, 83% used [0x00000007ce180000,0x00000007cea48020,0x00000007cec00000)
  to   space 11264K, 0% used [0x00000007cd680000,0x00000007cd680000,0x00000007ce180000)
 ParOldGen       total 127488K, used 3148K [0x0000000744c00000, 0x000000074c880000, 0x00000007c1900000)
  object space 127488K, 2% used [0x0000000744c00000,0x0000000744f132a0,0x000000074c880000)
 PSPermGen       total 23040K, used 22945K [0x000000073a600000, 0x000000073bc80000, 0x0000000744c00000)
  object space 23040K, 99% used [0x000000073a600000,0x000000073bc68720,0x000000073bc80000)
Event: 2.825 GC heap after
Heap after GC invocations=7 (full 0):
 PSYoungGen      total 205312K, used 4384K [0x00000007c1900000, 0x00000007dab00000, 0x0000000800000000)
  eden space 194048K, 0% used [0x00000007c1900000,0x00000007c1900000,0x00000007cd680000)
  from space 11264K, 38% used [0x00000007cd680000,0x00000007cdac8000,0x00000007ce180000)
  to   space 11776K, 0% used [0x00000007d9f80000,0x00000007d9f80000,0x00000007dab00000)
 ParOldGen       total 127488K, used 9200K [0x0000000744c00000, 0x000000074c880000, 0x00000007c1900000)
  object space 127488K, 7% used [0x0000000744c00000,0x00000007454fc180,0x000000074c880000)
 PSPermGen       total 23040K, used 22945K [0x000000073a600000, 0x000000073bc80000, 0x0000000744c00000)
  object space 23040K, 99% used [0x000000073a600000,0x000000073bc68720,0x000000073bc80000)
}
Event: 2.959 GC heap before
{Heap before GC invocations=8 (full 0):
 PSYoungGen      total 205312K, used 198432K [0x00000007c1900000, 0x00000007dab00000, 0x0000000800000000)
  eden space 194048K, 100% used [0x00000007c1900000,0x00000007cd680000,0x00000007cd680000)
  from space 11264K, 38% used [0x00000007cd680000,0x00000007cdac8000,0x00000007ce180000)
  to   space 11776K, 0% used [0x00000007d9f80000,0x00000007d9f80000,0x00000007dab00000)
 ParOldGen       total 127488K, used 9200K [0x0000000744c00000, 0x000000074c880000, 0x00000007c1900000)
  object space 127488K, 7% used [0x0000000744c00000,0x00000007454fc180,0x000000074c880000)
 PSPermGen       total 24064K, used 23868K [0x000000073a600000, 0x000000073bd80000, 0x0000000744c00000)
  object space 24064K, 99% used [0x000000073a600000,0x000000073bd4f2e0,0x000000073bd80000)
Event: 2.966 GC heap after
Heap after GC invocations=8 (full 0):
 PSYoungGen      total 398848K, used 6048K [0x00000007c1900000, 0x00000007daa00000, 0x0000000800000000)
  eden space 388096K, 0% used [0x00000007c1900000,0x00000007c1900000,0x00000007d9400000)
  from space 10752K, 56% used [0x00000007d9f80000,0x00000007da568000,0x00000007daa00000)
  to   space 11264K, 0% used [0x00000007d9400000,0x00000007d9400000,0x00000007d9f00000)
 ParOldGen       total 127488K, used 10008K [0x0000000744c00000, 0x000000074c880000, 0x00000007c1900000)
  object space 127488K, 7% used [0x0000000744c00000,0x00000007455c6180,0x000000074c880000)
 PSPermGen       total 24064K, used 23868K [0x000000073a600000, 0x000000073bd80000, 0x0000000744c00000)
  object space 24064K, 99% used [0x000000073a600000,0x000000073bd4f2e0,0x000000073bd80000)
}
Event: 3.988 GC heap before
{Heap before GC invocations=9 (full 0):
 PSYoungGen      total 398848K, used 394144K [0x00000007c1900000, 0x00000007daa00000, 0x0000000800000000)
  eden space 388096K, 100% used [0x00000007c1900000,0x00000007d9400000,0x00000007d9400000)
  from space 10752K, 56% used [0x00000007d9f80000,0x00000007da568000,0x00000007daa00000)
  to   space 11264K, 0% used [0x00000007d9400000,0x00000007d9400000,0x00000007d9f00000)
 ParOldGen       total 127488K, used 10008K [0x0000000744c00000, 0x000000074c880000, 0x00000007c1900000)
  object space 127488K, 7% used [0x0000000744c00000,0x00000007455c6180,0x000000074c880000)
 PSPermGen       total 25088K, used 24761K [0x000000073a600000, 0x000000073be80000, 0x0000000744c00000)
  object space 25088K, 98% used [0x000000073a600000,0x000000073be2e560,0x000000073be80000)

